<?xml version="1.0" encoding="UTF-8"?>
<!-- Generated by org.testng.reporters.JUnitXMLReporter -->
<testsuite ignored="0" hostname="DESKTOP-9FS0TQS" failures="0" tests="3" name="Test" time="6.907" errors="0" timestamp="25 Nov 2024 18:18:09 GMT">
  <testcase classname="testcases.TC001_LoginTest" name="loginApp" time="0.254"/>
  <testcase classname="testcases.TC002_AddProductTest" name="addProduct" time="0.426"/>
  <testcase classname="testcases.TC003_CheckoutTest" name="checkout" time="0.714"/>
</testsuite> <!-- Test -->
