<?xml version="1.0" encoding="UTF-8"?>
<testng-results ignored="0" total="1" passed="1" failed="0" skipped="0">
  <reporter-output>
  </reporter-output>
  <suite started-at="2024-11-25T16:53:27Z" name="testcases.TC001_LoginTest" finished-at="2024-11-25T16:53:30Z" duration-ms="2766">
    <groups>
    </groups>
    <test started-at="2024-11-25T16:53:27Z" name="Command line test" finished-at="2024-11-25T16:53:30Z" duration-ms="2766">
      <class name="testcases.TC001_LoginTest">
        <test-method is-config="true" signature="launchBrowser()[pri:0, instance:testcases.TC001_LoginTest@150c158]" started-at="2024-11-25T16:53:27Z" name="launchBrowser" finished-at="2024-11-25T16:53:29Z" duration-ms="1865" status="PASS">
          <reporter-output>
          </reporter-output>
        </test-method> <!-- launchBrowser -->
        <test-method signature="loginApp(java.util.HashMap)[pri:0, instance:testcases.TC001_LoginTest@150c158]" started-at="2024-11-25T16:53:29Z" name="loginApp" data-provider="getData" finished-at="2024-11-25T16:53:29Z" duration-ms="439" status="PASS">
          <params>
            <param index="0">
              <value>
                <![CDATA[{password=secret_sauce, username=standard_user}]]>
              </value>
            </param>
          </params>
          <reporter-output>
          </reporter-output>
        </test-method> <!-- loginApp -->
        <test-method is-config="true" signature="quitBrowser()[pri:0, instance:testcases.TC001_LoginTest@150c158]" started-at="2024-11-25T16:53:29Z" name="quitBrowser" finished-at="2024-11-25T16:53:30Z" duration-ms="201" status="PASS">
          <reporter-output>
          </reporter-output>
        </test-method> <!-- quitBrowser -->
      </class> <!-- testcases.TC001_LoginTest -->
    </test> <!-- Command line test -->
  </suite> <!-- testcases.TC001_LoginTest -->
</testng-results>
