<?xml version="1.0" encoding="UTF-8"?>
<testng-results ignored="0" total="1" passed="1" failed="0" skipped="0">
  <reporter-output>
  </reporter-output>
  <suite started-at="2024-11-25T16:50:41Z" name="Default suite" finished-at="2024-11-25T16:50:44Z" duration-ms="2381">
    <groups>
    </groups>
    <test started-at="2024-11-25T16:50:41Z" name="Default test" finished-at="2024-11-25T16:50:44Z" duration-ms="2381">
      <class name="testcases.TC001_LoginTest">
        <test-method is-config="true" signature="launchBrowser()[pri:0, instance:testcases.TC001_LoginTest@1d082e88]" started-at="2024-11-25T16:50:41Z" name="launchBrowser" finished-at="2024-11-25T16:50:43Z" duration-ms="1770" status="PASS">
          <reporter-output>
          </reporter-output>
        </test-method> <!-- launchBrowser -->
        <test-method signature="loginApp(java.util.HashMap)[pri:0, instance:testcases.TC001_LoginTest@1d082e88]" started-at="2024-11-25T16:50:43Z" name="loginApp" data-provider="getData" finished-at="2024-11-25T16:50:44Z" duration-ms="332" status="PASS">
          <params>
            <param index="0">
              <value>
                <![CDATA[{password=secret_sauce, username=standard_user}]]>
              </value>
            </param>
          </params>
          <reporter-output>
          </reporter-output>
        </test-method> <!-- loginApp -->
      </class> <!-- testcases.TC001_LoginTest -->
    </test> <!-- Default test -->
  </suite> <!-- Default suite -->
</testng-results>
