<?xml version="1.0" encoding="UTF-8"?>
<testng-results ignored="0" total="3" passed="3" failed="0" skipped="0">
  <reporter-output>
  </reporter-output>
  <suite started-at="2024-11-25T18:18:02Z" name="Suite" finished-at="2024-11-25T18:18:09Z" duration-ms="6907">
    <groups>
    </groups>
    <test started-at="2024-11-25T18:18:02Z" name="Test" finished-at="2024-11-25T18:18:09Z" duration-ms="6907">
      <class name="testcases.TC003_CheckoutTest">
        <test-method is-config="true" signature="launchBrowser()[pri:0, instance:testcases.TC003_CheckoutTest@23529fee]" started-at="2024-11-25T18:18:07Z" name="launchBrowser" finished-at="2024-11-25T18:18:08Z" duration-ms="1301" status="PASS">
          <reporter-output>
          </reporter-output>
        </test-method> <!-- launchBrowser -->
        <test-method signature="checkout(java.util.HashMap)[pri:0, instance:testcases.TC003_CheckoutTest@23529fee]" started-at="2024-11-25T18:18:08Z" name="checkout" data-provider="getData" finished-at="2024-11-25T18:18:09Z" duration-ms="714" status="PASS">
          <params>
            <param index="0">
              <value>
                <![CDATA[{password=secret_sauce, username=standard_user}]]>
              </value>
            </param>
          </params>
          <reporter-output>
          </reporter-output>
        </test-method> <!-- checkout -->
        <test-method is-config="true" signature="quitBrowser()[pri:0, instance:testcases.TC003_CheckoutTest@23529fee]" started-at="2024-11-25T18:18:09Z" name="quitBrowser" finished-at="2024-11-25T18:18:09Z" duration-ms="169" status="PASS">
          <reporter-output>
          </reporter-output>
        </test-method> <!-- quitBrowser -->
      </class> <!-- testcases.TC003_CheckoutTest -->
      <class name="testcases.TC001_LoginTest">
        <test-method is-config="true" signature="launchBrowser()[pri:0, instance:testcases.TC001_LoginTest@7f1302d6]" started-at="2024-11-25T18:18:02Z" name="launchBrowser" finished-at="2024-11-25T18:18:04Z" duration-ms="2016" status="PASS">
          <reporter-output>
          </reporter-output>
        </test-method> <!-- launchBrowser -->
        <test-method signature="loginApp(java.util.HashMap)[pri:0, instance:testcases.TC001_LoginTest@7f1302d6]" started-at="2024-11-25T18:18:05Z" name="loginApp" data-provider="getData" finished-at="2024-11-25T18:18:05Z" duration-ms="254" status="PASS">
          <params>
            <param index="0">
              <value>
                <![CDATA[{password=secret_sauce, username=standard_user}]]>
              </value>
            </param>
          </params>
          <reporter-output>
          </reporter-output>
        </test-method> <!-- loginApp -->
        <test-method is-config="true" signature="quitBrowser()[pri:0, instance:testcases.TC001_LoginTest@7f1302d6]" started-at="2024-11-25T18:18:05Z" name="quitBrowser" finished-at="2024-11-25T18:18:05Z" duration-ms="217" status="PASS">
          <reporter-output>
          </reporter-output>
        </test-method> <!-- quitBrowser -->
      </class> <!-- testcases.TC001_LoginTest -->
      <class name="testcases.TC002_AddProductTest">
        <test-method is-config="true" signature="launchBrowser()[pri:0, instance:testcases.TC002_AddProductTest@43ee72e6]" started-at="2024-11-25T18:18:05Z" name="launchBrowser" finished-at="2024-11-25T18:18:06Z" duration-ms="1329" status="PASS">
          <reporter-output>
          </reporter-output>
        </test-method> <!-- launchBrowser -->
        <test-method signature="addProduct(java.util.HashMap)[pri:0, instance:testcases.TC002_AddProductTest@43ee72e6]" started-at="2024-11-25T18:18:06Z" name="addProduct" data-provider="getData" finished-at="2024-11-25T18:18:07Z" duration-ms="426" status="PASS">
          <params>
            <param index="0">
              <value>
                <![CDATA[{password=secret_sauce, username=standard_user}]]>
              </value>
            </param>
          </params>
          <reporter-output>
          </reporter-output>
        </test-method> <!-- addProduct -->
        <test-method is-config="true" signature="quitBrowser()[pri:0, instance:testcases.TC002_AddProductTest@43ee72e6]" started-at="2024-11-25T18:18:07Z" name="quitBrowser" finished-at="2024-11-25T18:18:07Z" duration-ms="176" status="PASS">
          <reporter-output>
          </reporter-output>
        </test-method> <!-- quitBrowser -->
      </class> <!-- testcases.TC002_AddProductTest -->
    </test> <!-- Test -->
  </suite> <!-- Suite -->
</testng-results>
